#
# A fatal error has been detected by the Java Runtime Environment:
#
#  EXCEPTION_ACCESS_VIOLATION (0xc0000005) at pc=0x00000000077c59a8, pid=10596, tid=12124
#
# JRE version: Java(TM) SE Runtime Environment (9.0+11) (build 9.0.1+11)
# Java VM: Java HotSpot(TM) 64-Bit Server VM (9.0.1+11, mixed mode, tiered, compressed oops, g1 gc, windows-amd64)
# Problematic frame:
# V  [jvm.dll+0x1959a8]
#
# No core dump will be written. Minidumps are not enabled by default on client versions of Windows
#
# If you would like to submit a bug report, please visit:
#   http://bugreport.java.com/bugreport/crash.jsp
#

---------------  S U M M A R Y ------------

Command Line: -Dmaven.multiModuleProjectDirectory=C:\Users\Paulucha\Desktop\programowanie\PROJECTS\JAVA\HomeWork_14.07\homeWork -Dmaven.home=C:\Program Files\JetBrains\IntelliJ IDEA 2018.1.4\plugins\maven\lib\maven3 -Dclassworlds.conf=C:\Program Files\JetBrains\IntelliJ IDEA 2018.1.4\plugins\maven\lib\maven3\bin\m2.conf -javaagent:C:\Program Files\JetBrains\IntelliJ IDEA 2018.1.4\lib\idea_rt.jar=14339:C:\Program Files\JetBrains\IntelliJ IDEA 2018.1.4\bin -Dfile.encoding=UTF-8 org.codehaus.classworlds.Launcher -Didea.version=2018.1.4 package -f pom.xml

Host: Intel(R) Core(TM) i5 CPU       M 480  @ 2.67GHz, 4 cores, 7G,  Windows 7 , 64 bit Build 7601 (6.1.7601.24168)
Time: Fri Jul 13 22:02:31 2018 ?rodkowoeuropejski czas letni elapsed time: 8 seconds (0d 0h 0m 8s)

---------------  T H R E A D  ---------------

Current thread (0x00000000074ae000):  JavaThread "C2 CompilerThread1" daemon [_thread_in_vm, id=12124, stack(0x000000000c900000,0x000000000ca00000)]


Current CompileTask:
C2:   8069 4170   !   4       com.sun.tools.javac.jvm.ClassReader::classSigToType (498 bytes)

Stack: [0x000000000c900000,0x000000000ca00000],  sp=0x000000000c9ff170,  free space=1020k
Native frames: (J=compiled Java code, j=interpreted, Vv=VM code, C=native code)
V  [jvm.dll+0x1959a8]
V  [jvm.dll+0x1800c5]
V  [jvm.dll+0x1f6695]
V  [jvm.dll+0x1f5176]
V  [jvm.dll+0x66b2df]
V  [jvm.dll+0x5864e0]
C  [msvcr120.dll+0x24f7f]
C  [msvcr120.dll+0x25126]
C  [kernel32.dll+0x159cd]
C  [ntdll.dll+0x5383d]


siginfo: EXCEPTION_ACCESS_VIOLATION (0xc0000005), reading address 0x0000000049cf7570


Register to memory mapping:

RIP=0x00000000077c59a8 jvm.dll
RAX=0x0000000068a0f5a0 is an unknown value
RBX=0x00000000000000c3 is an unknown value
RCX=0x0000000049cf7560 is an unknown value
RDX=0x000000000deb1910 is an unknown value
RSP=0x000000000c9ff170 is pointing into the stack for thread: 0x00000000074ae000
RBP=0x000000000c9ff390 is pointing into the stack for thread: 0x00000000074ae000
RSI=0x00000000074a8d80 is an unknown value
RDI=0x0000000000000618 is an unknown value
R8 =0x0000005adefeac1c is an unknown value
R9 =0x000000000c9ff150 is pointing into the stack for thread: 0x00000000074ae000
R10=0x0000000000000000 is an unknown value
R11=0x0000000000000200 is an unknown value
R12=0x00000000003650a0 is an unknown value
R13=0x000000000749fe00 is an unknown value
R14=0x00000000074ae000 is a thread
R15=0x0000000000000000 is an unknown value


Registers:
RAX=0x0000000068a0f5a0, RBX=0x00000000000000c3, RCX=0x0000000049cf7560, RDX=0x000000000deb1910
RSP=0x000000000c9ff170, RBP=0x000000000c9ff390, RSI=0x00000000074a8d80, RDI=0x0000000000000618
R8 =0x0000005adefeac1c, R9 =0x000000000c9ff150, R10=0x0000000000000000, R11=0x0000000000000200
R12=0x00000000003650a0, R13=0x000000000749fe00, R14=0x00000000074ae000, R15=0x0000000000000000
RIP=0x00000000077c59a8, EFLAGS=0x0000000000010297

Top of Stack: (sp=0x000000000c9ff170)
0x000000000c9ff170:   000000000c9ff480 0000000007c9f267
0x000000000c9ff180:   0000000007db1818 000000000000104a
0x000000000c9ff190:   000000000d8a6620 00000000077b00c5
0x000000000c9ff1a0:   00000000074ae000 00000000074ae000
0x000000000c9ff1b0:   00000000074a6d00 00000000074ae000
0x000000000c9ff1c0:   000000000c9ff2d0 0000000007826695
0x000000000c9ff1d0:   000000000d8a6620 0000000069590340
0x000000000c9ff1e0:   0000000000000000 000000000d8a6620
0x000000000c9ff1f0:   00000000003650a0 0000000000000478
0x000000000c9ff200:   0000000000000000 000000000749d750
0x000000000c9ff210:   00000000003650a0 0000000006cd1d40
0x000000000c9ff220:   00000000074ae000 000007fe0000104a
0x000000000c9ff230:   000000000749ec20 00000000074a1008
0x000000000c9ff240:   000000006b6af2d8 00000000077c3b00
0x000000000c9ff250:   0000000000000000 0000000000000000
0x000000000c9ff260:   0000000000000000 000007fefd6310ac 

Instructions: (pc=0x00000000077c59a8)
0x00000000077c5988:   ec 20 48 8b 41 30 33 db 48 8b f1 39 18 7e 2d 48
0x00000000077c5998:   89 7c 24 30 8b fb 66 90 48 8b 40 18 48 8b 0c 38
0x00000000077c59a8:   48 8b 49 10 e8 6f 54 4a 00 48 8b 46 30 ff c3 48
0x00000000077c59b8:   8d 7f 08 3b 18 7c e1 48 8b 7c 24 30 48 8b 5c 24 



---------------  P R O C E S S  ---------------

Java Threads: ( => current thread )
  0x000000000ce08800 JavaThread "Service Thread" daemon [_thread_blocked, id=4124, stack(0x000000000d330000,0x000000000d430000)]
  0x000000000ce07800 JavaThread "Monitor Ctrl-Break" daemon [_thread_in_native, id=10232, stack(0x000000000d530000,0x000000000d630000)]
  0x000000000ccb8800 JavaThread "Common-Cleaner" daemon [_thread_blocked, id=13064, stack(0x000000000d1e0000,0x000000000d2e0000)]
  0x00000000074af800 JavaThread "Sweeper thread" daemon [_thread_blocked, id=5612, stack(0x000000000cba0000,0x000000000cca0000)]
  0x00000000074af000 JavaThread "C1 CompilerThread2" daemon [_thread_blocked, id=5352, stack(0x000000000ca70000,0x000000000cb70000)]
=>0x00000000074ae000 JavaThread "C2 CompilerThread1" daemon [_thread_in_vm, id=12124, stack(0x000000000c900000,0x000000000ca00000)]
  0x00000000074a6000 JavaThread "C2 CompilerThread0" daemon [_thread_in_native, id=10760, stack(0x000000000c750000,0x000000000c850000)]
  0x00000000074a3000 JavaThread "Attach Listener" daemon [_thread_blocked, id=12632, stack(0x000000000c2e0000,0x000000000c3e0000)]
  0x00000000074a2000 JavaThread "Signal Dispatcher" daemon [_thread_blocked, id=12444, stack(0x000000000c5e0000,0x000000000c6e0000)]
  0x0000000007498800 JavaThread "Finalizer" daemon [_thread_blocked, id=11924, stack(0x000000000c450000,0x000000000c550000)]
  0x000000000748d800 JavaThread "Reference Handler" daemon [_thread_blocked, id=5464, stack(0x000000000c040000,0x000000000c140000)]
  0x0000000000388000 JavaThread "main" [_thread_in_native, id=11572, stack(0x0000000002240000,0x0000000002340000)]

Other Threads:
  0x0000000007489000 VMThread "VM Thread" [stack: 0x000000000c190000,0x000000000c290000] [id=11588]
  0x000000000ce16800 WatcherThread [stack: 0x000000000d780000,0x000000000d880000] [id=7336]
  0x000000000039d000 GCTaskThread "GC Thread#0" [stack: 0x00000000025d0000,0x00000000026d0000] [id=12500]
  0x000000000039e800 GCTaskThread "GC Thread#1" [stack: 0x0000000002450000,0x0000000002550000] [id=13152]
  0x00000000003a0800 GCTaskThread "GC Thread#2" [stack: 0x00000000026f0000,0x00000000027f0000] [id=11368]
  0x00000000003ac000 GCTaskThread "GC Thread#3" [stack: 0x0000000002910000,0x0000000002a10000] [id=1504]
  0x00000000003e4000 ConcurrentGCThread "G1 Main Marker" [stack: 0x00000000064e0000,0x00000000065e0000] [id=10800]
  0x00000000003e6000 ConcurrentGCThread "G1 Marker#0" [stack: 0x0000000006610000,0x0000000006710000] [id=7264]
  0x00000000003bd000 ConcurrentGCThread "G1 Refine#0" [stack: 0x0000000003370000,0x0000000003470000] [id=11128]
  0x00000000003bc000 ConcurrentGCThread "G1 Refine#1" [stack: 0x00000000031c0000,0x00000000032c0000] [id=7364]
  0x00000000003b7800 ConcurrentGCThread "G1 Refine#2" [stack: 0x0000000003050000,0x0000000003150000] [id=5756]
  0x00000000003ae800 ConcurrentGCThread "G1 Refine#3" [stack: 0x0000000002ee0000,0x0000000002fe0000] [id=6312]
  0x00000000003be000 ConcurrentGCThread "G1 Young RemSet Sampling" [stack: 0x0000000002da0000,0x0000000002ea0000] [id=2224]

Threads with active compile tasks:
C2 CompilerThread14170   !   4       com.sun.tools.javac.jvm.ClassReader::classSigToType (498 bytes)
C2 CompilerThread04400       4       org.eclipse.sisu.plexus.LazyPlexusBean::getValue (10 bytes)

VM state:not at safepoint (normal execution)

VM Mutex/Monitor currently owned by a thread: None

Heap address: 0x0000000083200000, size: 1998 MB, Compressed Oops mode: 32-bit
Narrow klass base: 0x0000000000000000, Narrow klass shift: 0
Compressed class space size: 1073741824 Address: 0x0000000028660000

Heap:
 garbage-first heap   total 155648K, used 48225K [0x0000000083200000, 0x00000000833004c0, 0x0000000100000000)
  region size 1024K, 40 young (40960K), 8 survivors (8192K)
 Metaspace       used 29854K, capacity 30762K, committed 30976K, reserved 1077248K
  class space    used 3281K, capacity 3476K, committed 3584K, reserved 1048576K
Heap Regions: E=young(eden), S=young(survivor), O=old, HS=humongous(starts), HC=humongous(continues), CS=collection set, F=free, A=archive, TS=gc time stamp, AC=allocation context, TAMS=top-at-mark-start (previous, next)
|   0|0x0000000083200000, 0x0000000083300000, 0x0000000083300000|100%| O|  |TS  0|AC  0|TAMS 0x0000000083300000, 0x0000000083300000|
|   1|0x0000000083300000, 0x0000000083400000, 0x0000000083400000|100%| O|  |TS  0|AC  0|TAMS 0x0000000083400000, 0x0000000083400000|
|   2|0x0000000083400000, 0x0000000083500000, 0x0000000083500000|100%| O|  |TS  0|AC  0|TAMS 0x0000000083500000, 0x0000000083500000|
|   3|0x0000000083500000, 0x0000000083600000, 0x0000000083600000|100%| O|  |TS  1|AC  0|TAMS 0x00000000835c8000, 0x00000000835c8000|
|   4|0x0000000083600000, 0x0000000083700000, 0x0000000083700000|100%| O|  |TS  1|AC  0|TAMS 0x0000000083600000, 0x0000000083600000|
|   5|0x0000000083700000, 0x0000000083800000, 0x0000000083800000|100%| O|  |TS  1|AC  0|TAMS 0x0000000083700000, 0x0000000083700000|
|   6|0x0000000083800000, 0x0000000083900000, 0x0000000083900000|100%| O|  |TS  1|AC  0|TAMS 0x0000000083800000, 0x0000000083800000|
|   7|0x0000000083900000, 0x0000000083a00000, 0x0000000083a00000|100%| O|  |TS  1|AC  0|TAMS 0x0000000083900000, 0x0000000083900000|
|   8|0x0000000083a00000, 0x0000000083a59400, 0x0000000083b00000| 34%| O|  |TS  1|AC  0|TAMS 0x0000000083a00000, 0x0000000083a00000|
|   9|0x0000000083b00000, 0x0000000083b00000, 0x0000000083c00000|  0%| F|  |TS  0|AC  0|TAMS 0x0000000083b00000, 0x0000000083b00000|
|  10|0x0000000083c00000, 0x0000000083c00000, 0x0000000083d00000|  0%| F|  |TS  0|AC  0|TAMS 0x0000000083c00000, 0x0000000083c00000|
|  11|0x0000000083d00000, 0x0000000083d00000, 0x0000000083e00000|  0%| F|  |TS  0|AC  0|TAMS 0x0000000083d00000, 0x0000000083d00000|
|  12|0x0000000083e00000, 0x0000000083e00000, 0x0000000083f00000|  0%| F|  |TS  0|AC  0|TAMS 0x0000000083e00000, 0x0000000083e00000|
|  13|0x0000000083f00000, 0x0000000083f00000, 0x0000000084000000|  0%| F|  |TS  0|AC  0|TAMS 0x0000000083f00000, 0x0000000083f00000|
|  14|0x0000000084000000, 0x0000000084000000, 0x0000000084100000|  0%| F|  |TS  0|AC  0|TAMS 0x0000000084000000, 0x0000000084000000|
|  15|0x0000000084100000, 0x0000000084100000, 0x0000000084200000|  0%| F|  |TS  0|AC  0|TAMS 0x0000000084100000, 0x0000000084100000|
|  16|0x0000000084200000, 0x0000000084200000, 0x0000000084300000|  0%| F|  |TS  0|AC  0|TAMS 0x0000000084200000, 0x0000000084200000|
|  17|0x0000000084300000, 0x0000000084300000, 0x0000000084400000|  0%| F|  |TS  0|AC  0|TAMS 0x0000000084300000, 0x0000000084300000|
|  18|0x0000000084400000, 0x0000000084400000, 0x0000000084500000|  0%| F|  |TS  0|AC  0|TAMS 0x0000000084400000, 0x0000000084400000|
|  19|0x0000000084500000, 0x0000000084500000, 0x0000000084600000|  0%| F|  |TS  0|AC  0|TAMS 0x0000000084500000, 0x0000000084500000|
|  20|0x0000000084600000, 0x0000000084600000, 0x0000000084700000|  0%| F|  |TS  0|AC  0|TAMS 0x0000000084600000, 0x0000000084600000|
|  21|0x0000000084700000, 0x0000000084700000, 0x0000000084800000|  0%| F|  |TS  0|AC  0|TAMS 0x0000000084700000, 0x0000000084700000|
|  22|0x0000000084800000, 0x0000000084800000, 0x0000000084900000|  0%| F|  |TS  0|AC  0|TAMS 0x0000000084800000, 0x0000000084800000|
|  23|0x0000000084900000, 0x0000000084900000, 0x0000000084a00000|  0%| F|  |TS  0|AC  0|TAMS 0x0000000084900000, 0x0000000084900000|
|  24|0x0000000084a00000, 0x0000000084a00000, 0x0000000084b00000|  0%| F|  |TS  0|AC  0|TAMS 0x0000000084a00000, 0x0000000084a00000|
|  25|0x0000000084b00000, 0x0000000084b00000, 0x0000000084c00000|  0%| F|  |TS  0|AC  0|TAMS 0x0000000084b00000, 0x0000000084b00000|
|  26|0x0000000084c00000, 0x0000000084c00000, 0x0000000084d00000|  0%| F|  |TS  0|AC  0|TAMS 0x0000000084c00000, 0x0000000084c00000|
|  27|0x0000000084d00000, 0x0000000084d00000, 0x0000000084e00000|  0%| F|  |TS  0|AC  0|TAMS 0x0000000084d00000, 0x0000000084d00000|
|  28|0x0000000084e00000, 0x0000000084e00000, 0x0000000084f00000|  0%| F|  |TS  0|AC  0|TAMS 0x0000000084e00000, 0x0000000084e00000|
|  29|0x0000000084f00000, 0x0000000084f00000, 0x0000000085000000|  0%| F|  |TS  0|AC  0|TAMS 0x0000000084f00000, 0x0000000084f00000|
|  30|0x0000000085000000, 0x0000000085000000, 0x0000000085100000|  0%| F|  |TS  0|AC  0|TAMS 0x0000000085000000, 0x0000000085000000|
|  31|0x0000000085100000, 0x0000000085100000, 0x0000000085200000|  0%| F|  |TS  0|AC  0|TAMS 0x0000000085100000, 0x0000000085100000|
|  32|0x0000000085200000, 0x0000000085200000, 0x0000000085300000|  0%| F|  |TS  0|AC  0|TAMS 0x0000000085200000, 0x0000000085200000|
|  33|0x0000000085300000, 0x0000000085300000, 0x0000000085400000|  0%| F|  |TS  0|AC  0|TAMS 0x0000000085300000, 0x0000000085300000|
|  34|0x0000000085400000, 0x0000000085400000, 0x0000000085500000|  0%| F|  |TS  0|AC  0|TAMS 0x0000000085400000, 0x0000000085400000|
|  35|0x0000000085500000, 0x0000000085500000, 0x0000000085600000|  0%| F|  |TS  0|AC  0|TAMS 0x0000000085500000, 0x0000000085500000|
|  36|0x0000000085600000, 0x0000000085600000, 0x0000000085700000|  0%| F|  |TS  0|AC  0|TAMS 0x0000000085600000, 0x0000000085600000|
|  37|0x0000000085700000, 0x0000000085700000, 0x0000000085800000|  0%| F|  |TS  0|AC  0|TAMS 0x0000000085700000, 0x0000000085700000|
|  38|0x0000000085800000, 0x0000000085800000, 0x0000000085900000|  0%| F|  |TS  0|AC  0|TAMS 0x0000000085800000, 0x0000000085800000|
|  39|0x0000000085900000, 0x0000000085900000, 0x0000000085a00000|  0%| F|  |TS  0|AC  0|TAMS 0x0000000085900000, 0x0000000085900000|
|  40|0x0000000085a00000, 0x0000000085a00000, 0x0000000085b00000|  0%| F|  |TS  0|AC  0|TAMS 0x0000000085a00000, 0x0000000085a00000|
|  41|0x0000000085b00000, 0x0000000085b00000, 0x0000000085c00000|  0%| F|  |TS  0|AC  0|TAMS 0x0000000085b00000, 0x0000000085b00000|
|  42|0x0000000085c00000, 0x0000000085c00000, 0x0000000085d00000|  0%| F|  |TS  0|AC  0|TAMS 0x0000000085c00000, 0x0000000085c00000|
|  43|0x0000000085d00000, 0x0000000085d00000, 0x0000000085e00000|  0%| F|  |TS  0|AC  0|TAMS 0x0000000085d00000, 0x0000000085d00000|
|  44|0x0000000085e00000, 0x0000000085e00000, 0x0000000085f00000|  0%| F|  |TS  1|AC  0|TAMS 0x0000000085e00000, 0x0000000085e00000|
|  45|0x0000000085f00000, 0x0000000085f00000, 0x0000000086000000|  0%| F|  |TS  1|AC  0|TAMS 0x0000000085f00000, 0x0000000085f00000|
|  46|0x0000000086000000, 0x0000000086000000, 0x0000000086100000|  0%| F|  |TS  1|AC  0|TAMS 0x0000000086000000, 0x0000000086000000|
|  47|0x0000000086100000, 0x0000000086100000, 0x0000000086200000|  0%| F|  |TS  1|AC  0|TAMS 0x0000000086100000, 0x0000000086100000|
|  48|0x0000000086200000, 0x0000000086200000, 0x0000000086300000|  0%| F|  |TS  1|AC  0|TAMS 0x0000000086200000, 0x0000000086200000|
|  49|0x0000000086300000, 0x0000000086300000, 0x0000000086400000|  0%| F|  |TS  1|AC  0|TAMS 0x0000000086300000, 0x0000000086300000|
|  50|0x0000000086400000, 0x0000000086400000, 0x0000000086500000|  0%| F|  |TS  1|AC  0|TAMS 0x0000000086400000, 0x0000000086400000|
|  51|0x0000000086500000, 0x0000000086500000, 0x0000000086600000|  0%| F|  |TS  1|AC  0|TAMS 0x0000000086500000, 0x0000000086500000|
|  52|0x0000000086600000, 0x0000000086600000, 0x0000000086700000|  0%| F|  |TS  1|AC  0|TAMS 0x0000000086600000, 0x0000000086600000|
|  53|0x0000000086700000, 0x0000000086700000, 0x0000000086800000|  0%| F|  |TS  1|AC  0|TAMS 0x0000000086700000, 0x0000000086700000|
|  54|0x0000000086800000, 0x0000000086800000, 0x0000000086900000|  0%| F|  |TS  0|AC  0|TAMS 0x0000000086800000, 0x0000000086800000|
|  55|0x0000000086900000, 0x0000000086900000, 0x0000000086a00000|  0%| F|  |TS  0|AC  0|TAMS 0x0000000086900000, 0x0000000086900000|
|  56|0x0000000086a00000, 0x0000000086a00000, 0x0000000086b00000|  0%| F|  |TS  0|AC  0|TAMS 0x0000000086a00000, 0x0000000086a00000|
|  57|0x0000000086b00000, 0x0000000086b00000, 0x0000000086c00000|  0%| F|  |TS  0|AC  0|TAMS 0x0000000086b00000, 0x0000000086b00000|
|  58|0x0000000086c00000, 0x0000000086cbf030, 0x0000000086d00000| 74%| S|CS|TS  1|AC  0|TAMS 0x0000000086c00000, 0x0000000086c00000|
|  59|0x0000000086d00000, 0x0000000086e00000, 0x0000000086e00000|100%| S|CS|TS  1|AC  0|TAMS 0x0000000086d00000, 0x0000000086d00000|
|  60|0x0000000086e00000, 0x0000000086f00000, 0x0000000086f00000|100%| S|CS|TS  1|AC  0|TAMS 0x0000000086e00000, 0x0000000086e00000|
|  61|0x0000000086f00000, 0x0000000087000000, 0x0000000087000000|100%| S|CS|TS  1|AC  0|TAMS 0x0000000086f00000, 0x0000000086f00000|
|  62|0x0000000087000000, 0x0000000087100000, 0x0000000087100000|100%| S|CS|TS  1|AC  0|TAMS 0x0000000087000000, 0x0000000087000000|
|  63|0x0000000087100000, 0x0000000087200000, 0x0000000087200000|100%| S|CS|TS  1|AC  0|TAMS 0x0000000087100000, 0x0000000087100000|
|  64|0x0000000087200000, 0x0000000087300000, 0x0000000087300000|100%| S|CS|TS  1|AC  0|TAMS 0x0000000087200000, 0x0000000087200000|
|  65|0x0000000087300000, 0x0000000087400000, 0x0000000087400000|100%| S|CS|TS  1|AC  0|TAMS 0x0000000087300000, 0x0000000087300000|
|  66|0x0000000087400000, 0x0000000087400000, 0x0000000087500000|  0%| F|  |TS  1|AC  0|TAMS 0x0000000087400000, 0x0000000087400000|
|  67|0x0000000087500000, 0x0000000087500000, 0x0000000087600000|  0%| F|  |TS  1|AC  0|TAMS 0x0000000087500000, 0x0000000087500000|
|  68|0x0000000087600000, 0x0000000087600000, 0x0000000087700000|  0%| F|  |TS  1|AC  0|TAMS 0x0000000087600000, 0x0000000087600000|
|  69|0x0000000087700000, 0x0000000087700000, 0x0000000087800000|  0%| F|  |TS  1|AC  0|TAMS 0x0000000087700000, 0x0000000087700000|
|  70|0x0000000087800000, 0x0000000087800000, 0x0000000087900000|  0%| F|  |TS  1|AC  0|TAMS 0x0000000087800000, 0x0000000087800000|
|  71|0x0000000087900000, 0x0000000087900000, 0x0000000087a00000|  0%| F|  |TS  1|AC  0|TAMS 0x0000000087900000, 0x0000000087900000|
|  72|0x0000000087a00000, 0x0000000087a00000, 0x0000000087b00000|  0%| F|  |TS  1|AC  0|TAMS 0x0000000087a00000, 0x0000000087a00000|
|  73|0x0000000087b00000, 0x0000000087b00000, 0x0000000087c00000|  0%| F|  |TS  1|AC  0|TAMS 0x0000000087b00000, 0x0000000087b00000|
|  74|0x0000000087c00000, 0x0000000087c00000, 0x0000000087d00000|  0%| F|  |TS  1|AC  0|TAMS 0x0000000087c00000, 0x0000000087c00000|
|  75|0x0000000087d00000, 0x0000000087d00000, 0x0000000087e00000|  0%| F|  |TS  1|AC  0|TAMS 0x0000000087d00000, 0x0000000087d00000|
|  76|0x0000000087e00000, 0x0000000087e00000, 0x0000000087f00000|  0%| F|  |TS  1|AC  0|TAMS 0x0000000087e00000, 0x0000000087e00000|
|  77|0x0000000087f00000, 0x0000000087f00000, 0x0000000088000000|  0%| F|  |TS  1|AC  0|TAMS 0x0000000087f00000, 0x0000000087f00000|
|  78|0x0000000088000000, 0x0000000088000000, 0x0000000088100000|  0%| F|  |TS  1|AC  0|TAMS 0x0000000088000000, 0x0000000088000000|
|  79|0x0000000088100000, 0x0000000088100000, 0x0000000088200000|  0%| F|  |TS  1|AC  0|TAMS 0x0000000088100000, 0x0000000088100000|
|  80|0x0000000088200000, 0x0000000088200000, 0x0000000088300000|  0%| F|  |TS  1|AC  0|TAMS 0x0000000088200000, 0x0000000088200000|
|  81|0x0000000088300000, 0x0000000088300000, 0x0000000088400000|  0%| F|  |TS  1|AC  0|TAMS 0x0000000088300000, 0x0000000088300000|
|  82|0x0000000088400000, 0x0000000088400000, 0x0000000088500000|  0%| F|  |TS  1|AC  0|TAMS 0x0000000088400000, 0x0000000088400000|
|  83|0x0000000088500000, 0x0000000088500000, 0x0000000088600000|  0%| F|  |TS  1|AC  0|TAMS 0x0000000088500000, 0x0000000088500000|
|  84|0x0000000088600000, 0x0000000088600000, 0x0000000088700000|  0%| F|  |TS  1|AC  0|TAMS 0x0000000088600000, 0x0000000088600000|
|  85|0x0000000088700000, 0x0000000088700000, 0x0000000088800000|  0%| F|  |TS  1|AC  0|TAMS 0x0000000088700000, 0x0000000088700000|
|  86|0x0000000088800000, 0x0000000088800000, 0x0000000088900000|  0%| F|  |TS  1|AC  0|TAMS 0x0000000088800000, 0x0000000088800000|
|  87|0x0000000088900000, 0x0000000088900000, 0x0000000088a00000|  0%| F|  |TS  1|AC  0|TAMS 0x0000000088900000, 0x0000000088900000|
|  88|0x0000000088a00000, 0x0000000088a00000, 0x0000000088b00000|  0%| F|  |TS  1|AC  0|TAMS 0x0000000088a00000, 0x0000000088a00000|
|  89|0x0000000088b00000, 0x0000000088b00000, 0x0000000088c00000|  0%| F|  |TS  1|AC  0|TAMS 0x0000000088b00000, 0x0000000088b00000|
|  90|0x0000000088c00000, 0x0000000088c00000, 0x0000000088d00000|  0%| F|  |TS  1|AC  0|TAMS 0x0000000088c00000, 0x0000000088c00000|
|  91|0x0000000088d00000, 0x0000000088d00000, 0x0000000088e00000|  0%| F|  |TS  1|AC  0|TAMS 0x0000000088d00000, 0x0000000088d00000|
|  92|0x0000000088e00000, 0x0000000088e00000, 0x0000000088f00000|  0%| F|  |TS  1|AC  0|TAMS 0x0000000088e00000, 0x0000000088e00000|
|  93|0x0000000088f00000, 0x0000000088f00000, 0x0000000089000000|  0%| F|  |TS  1|AC  0|TAMS 0x0000000088f00000, 0x0000000088f00000|
|  94|0x0000000089000000, 0x0000000089000000, 0x0000000089100000|  0%| F|  |TS  1|AC  0|TAMS 0x0000000089000000, 0x0000000089000000|
|  95|0x0000000089100000, 0x0000000089100000, 0x0000000089200000|  0%| F|  |TS  1|AC  0|TAMS 0x0000000089100000, 0x0000000089100000|
|  96|0x0000000089200000, 0x0000000089200000, 0x0000000089300000|  0%| F|  |TS  1|AC  0|TAMS 0x0000000089200000, 0x0000000089200000|
|  97|0x0000000089300000, 0x0000000089300000, 0x0000000089400000|  0%| F|  |TS  1|AC  0|TAMS 0x0000000089300000, 0x0000000089300000|
|  98|0x0000000089400000, 0x0000000089400000, 0x0000000089500000|  0%| F|  |TS  1|AC  0|TAMS 0x0000000089400000, 0x0000000089400000|
|  99|0x0000000089500000, 0x0000000089500000, 0x0000000089600000|  0%| F|  |TS  1|AC  0|TAMS 0x0000000089500000, 0x0000000089500000|
| 100|0x0000000089600000, 0x0000000089600000, 0x0000000089700000|  0%| F|  |TS  1|AC  0|TAMS 0x0000000089600000, 0x0000000089600000|
| 101|0x0000000089700000, 0x0000000089700000, 0x0000000089800000|  0%| F|  |TS  1|AC  0|TAMS 0x0000000089700000, 0x0000000089700000|
| 102|0x0000000089800000, 0x0000000089800000, 0x0000000089900000|  0%| F|  |TS  1|AC  0|TAMS 0x0000000089800000, 0x0000000089800000|
| 103|0x0000000089900000, 0x0000000089900000, 0x0000000089a00000|  0%| F|  |TS  1|AC  0|TAMS 0x0000000089900000, 0x0000000089900000|
| 104|0x0000000089a00000, 0x0000000089a00000, 0x0000000089b00000|  0%| F|  |TS  1|AC  0|TAMS 0x0000000089a00000, 0x0000000089a00000|
| 105|0x0000000089b00000, 0x0000000089b00000, 0x0000000089c00000|  0%| F|  |TS  1|AC  0|TAMS 0x0000000089b00000, 0x0000000089b00000|
| 106|0x0000000089c00000, 0x0000000089c00000, 0x0000000089d00000|  0%| F|  |TS  1|AC  0|TAMS 0x0000000089c00000, 0x0000000089c00000|
| 107|0x0000000089d00000, 0x0000000089d00000, 0x0000000089e00000|  0%| F|  |TS  1|AC  0|TAMS 0x0000000089d00000, 0x0000000089d00000|
| 108|0x0000000089e00000, 0x0000000089e00000, 0x0000000089f00000|  0%| F|  |TS  1|AC  0|TAMS 0x0000000089e00000, 0x0000000089e00000|
| 109|0x0000000089f00000, 0x0000000089f00000, 0x000000008a000000|  0%| F|  |TS  1|AC  0|TAMS 0x0000000089f00000, 0x0000000089f00000|
| 110|0x000000008a000000, 0x000000008a000000, 0x000000008a100000|  0%| F|  |TS  1|AC  0|TAMS 0x000000008a000000, 0x000000008a000000|
| 111|0x000000008a100000, 0x000000008a100000, 0x000000008a200000|  0%| F|  |TS  1|AC  0|TAMS 0x000000008a100000, 0x000000008a100000|
| 112|0x000000008a200000, 0x000000008a200000, 0x000000008a300000|  0%| F|  |TS  1|AC  0|TAMS 0x000000008a200000, 0x000000008a200000|
| 113|0x000000008a300000, 0x000000008a300000, 0x000000008a400000|  0%| F|  |TS  1|AC  0|TAMS 0x000000008a300000, 0x000000008a300000|
| 114|0x000000008a400000, 0x000000008a400000, 0x000000008a500000|  0%| F|  |TS  1|AC  0|TAMS 0x000000008a400000, 0x000000008a400000|
| 115|0x000000008a500000, 0x000000008a500000, 0x000000008a600000|  0%| F|  |TS  1|AC  0|TAMS 0x000000008a500000, 0x000000008a500000|
| 116|0x000000008a600000, 0x000000008a600000, 0x000000008a700000|  0%| F|  |TS  1|AC  0|TAMS 0x000000008a600000, 0x000000008a600000|
| 117|0x000000008a700000, 0x000000008a700000, 0x000000008a800000|  0%| F|  |TS  1|AC  0|TAMS 0x000000008a700000, 0x000000008a700000|
| 118|0x000000008a800000, 0x000000008a800000, 0x000000008a900000|  0%| F|  |TS  1|AC  0|TAMS 0x000000008a800000, 0x000000008a800000|
| 119|0x000000008a900000, 0x000000008a900000, 0x000000008aa00000|  0%| F|  |TS  1|AC  0|TAMS 0x000000008a900000, 0x000000008a900000|
| 120|0x000000008aa00000, 0x000000008aa80800, 0x000000008ab00000| 50%| E|  |TS  1|AC  0|TAMS 0x000000008aa00000, 0x000000008aa00000|
| 121|0x000000008ab00000, 0x000000008ac00000, 0x000000008ac00000|100%| E|CS|TS  1|AC  0|TAMS 0x000000008ab00000, 0x000000008ab00000|
| 122|0x000000008ac00000, 0x000000008ad00000, 0x000000008ad00000|100%| E|CS|TS  1|AC  0|TAMS 0x000000008ac00000, 0x000000008ac00000|
| 123|0x000000008ad00000, 0x000000008ae00000, 0x000000008ae00000|100%| E|CS|TS  1|AC  0|TAMS 0x000000008ad00000, 0x000000008ad00000|
| 124|0x000000008ae00000, 0x000000008af00000, 0x000000008af00000|100%| E|CS|TS  1|AC  0|TAMS 0x000000008ae00000, 0x000000008ae00000|
| 125|0x000000008af00000, 0x000000008b000000, 0x000000008b000000|100%| E|CS|TS  1|AC  0|TAMS 0x000000008af00000, 0x000000008af00000|
| 126|0x000000008b000000, 0x000000008b100000, 0x000000008b100000|100%| E|CS|TS  1|AC  0|TAMS 0x000000008b000000, 0x000000008b000000|
| 127|0x000000008b100000, 0x000000008b200000, 0x000000008b200000|100%| E|CS|TS  1|AC  0|TAMS 0x000000008b100000, 0x000000008b100000|
| 128|0x000000008b200000, 0x000000008b300000, 0x000000008b300000|100%| E|CS|TS  1|AC  0|TAMS 0x000000008b200000, 0x000000008b200000|
| 129|0x000000008b300000, 0x000000008b400000, 0x000000008b400000|100%| E|CS|TS  1|AC  0|TAMS 0x000000008b300000, 0x000000008b300000|
| 130|0x000000008b400000, 0x000000008b500000, 0x000000008b500000|100%| E|CS|TS  1|AC  0|TAMS 0x000000008b400000, 0x000000008b400000|
| 131|0x000000008b500000, 0x000000008b600000, 0x000000008b600000|100%| E|CS|TS  1|AC  0|TAMS 0x000000008b500000, 0x000000008b500000|
| 132|0x000000008b600000, 0x000000008b700000, 0x000000008b700000|100%| E|CS|TS  1|AC  0|TAMS 0x000000008b600000, 0x000000008b600000|
| 133|0x000000008b700000, 0x000000008b800000, 0x000000008b800000|100%| E|CS|TS  1|AC  0|TAMS 0x000000008b700000, 0x000000008b700000|
| 134|0x000000008b800000, 0x000000008b900000, 0x000000008b900000|100%| E|CS|TS  1|AC  0|TAMS 0x000000008b800000, 0x000000008b800000|
| 135|0x000000008b900000, 0x000000008ba00000, 0x000000008ba00000|100%| E|CS|TS  1|AC  0|TAMS 0x000000008b900000, 0x000000008b900000|
| 136|0x000000008ba00000, 0x000000008bb00000, 0x000000008bb00000|100%| E|CS|TS  1|AC  0|TAMS 0x000000008ba00000, 0x000000008ba00000|
| 137|0x000000008bb00000, 0x000000008bc00000, 0x000000008bc00000|100%| E|CS|TS  1|AC  0|TAMS 0x000000008bb00000, 0x000000008bb00000|
| 138|0x000000008bc00000, 0x000000008bd00000, 0x000000008bd00000|100%| E|CS|TS  1|AC  0|TAMS 0x000000008bc00000, 0x000000008bc00000|
| 139|0x000000008bd00000, 0x000000008be00000, 0x000000008be00000|100%| E|CS|TS  1|AC  0|TAMS 0x000000008bd00000, 0x000000008bd00000|
| 140|0x000000008be00000, 0x000000008bf00000, 0x000000008bf00000|100%| E|CS|TS  1|AC  0|TAMS 0x000000008be00000, 0x000000008be00000|
| 141|0x000000008bf00000, 0x000000008c000000, 0x000000008c000000|100%| E|CS|TS  1|AC  0|TAMS 0x000000008bf00000, 0x000000008bf00000|
| 142|0x000000008c000000, 0x000000008c100000, 0x000000008c100000|100%| E|CS|TS  1|AC  0|TAMS 0x000000008c000000, 0x000000008c000000|
| 143|0x000000008c100000, 0x000000008c200000, 0x000000008c200000|100%| E|CS|TS  1|AC  0|TAMS 0x000000008c100000, 0x000000008c100000|
| 144|0x000000008c200000, 0x000000008c300000, 0x000000008c300000|100%| E|CS|TS  1|AC  0|TAMS 0x000000008c200000, 0x000000008c200000|
| 145|0x000000008c300000, 0x000000008c400000, 0x000000008c400000|100%| E|CS|TS  1|AC  0|TAMS 0x000000008c300000, 0x000000008c300000|
| 146|0x000000008c400000, 0x000000008c500000, 0x000000008c500000|100%| E|CS|TS  1|AC  0|TAMS 0x000000008c400000, 0x000000008c400000|
| 147|0x000000008c500000, 0x000000008c600000, 0x000000008c600000|100%| E|CS|TS  1|AC  0|TAMS 0x000000008c500000, 0x000000008c500000|
| 148|0x000000008c600000, 0x000000008c700000, 0x000000008c700000|100%| E|CS|TS  1|AC  0|TAMS 0x000000008c600000, 0x000000008c600000|
| 149|0x000000008c700000, 0x000000008c800000, 0x000000008c800000|100%| E|CS|TS  1|AC  0|TAMS 0x000000008c700000, 0x000000008c700000|
| 150|0x000000008c800000, 0x000000008c900000, 0x000000008c900000|100%| E|CS|TS  1|AC  0|TAMS 0x000000008c800000, 0x000000008c800000|
| 151|0x000000008c900000, 0x000000008ca00000, 0x000000008ca00000|100%| E|CS|TS  1|AC  0|TAMS 0x000000008c900000, 0x000000008c900000|

Card table byte_map: [0x0000000003c50000,0x0000000004040000] byte_map_base: 0x0000000003837000

Marking Bits (Prev, Next): (CMBitMap*) 0x00000000003e32b8, (CMBitMap*) 0x00000000003e3280
 Prev Bits: [0x0000000008060000, 0x0000000009f98000)
 Next Bits: [0x0000000004430000, 0x0000000006368000)

Polling page: 0x0000000000100000

CodeHeap 'non-profiled nmethods': size=120064Kb used=2005Kb max_used=2005Kb free=118058Kb
 bounds [0x0000000021120000, 0x0000000021390000, 0x0000000028660000]
CodeHeap 'profiled nmethods': size=120000Kb used=10253Kb max_used=10253Kb free=109747Kb
 bounds [0x0000000019bf0000, 0x000000001a600000, 0x0000000021120000]
CodeHeap 'non-nmethods': size=5696Kb used=1258Kb max_used=1298Kb free=4437Kb
 bounds [0x0000000019660000, 0x00000000198d0000, 0x0000000019bf0000]
 total_blobs=5749 nmethods=4435 adapters=362
 compilation: enabled

Compilation events (10 events):
Event: 8.052 Thread 0x00000000074af000 nmethod 4443 0x000000001a5ecb90 code [0x000000001a5ece40, 0x000000001a5edd38]
Event: 8.052 Thread 0x00000000074af000 4449       3       java.lang.Throwable::<init> (39 bytes)
Event: 8.052 Thread 0x00000000074af000 nmethod 4449 0x000000001a5ee210 code [0x000000001a5ee3e0, 0x000000001a5ee868]
Event: 8.052 Thread 0x00000000074af000 4446       3       org.eclipse.aether.util.graph.transformer.ConflictIdSorter$ConflictId::pullup (54 bytes)
Event: 8.053 Thread 0x00000000074af000 nmethod 4446 0x000000001a5ee990 code [0x000000001a5eeba0, 0x000000001a5ef1b8]
Event: 8.053 Thread 0x00000000074af000 4440       3       org.eclipse.aether.util.graph.transformer.ConflictMarker$Key::equals (123 bytes)
Event: 8.054 Thread 0x00000000074af000 nmethod 4440 0x000000001a5ef390 code [0x000000001a5ef620, 0x000000001a5f03d8]
Event: 8.054 Thread 0x00000000074af000 4450       3       sun.nio.fs.WindowsPath::elementAsString (62 bytes)
Event: 8.054 Thread 0x00000000074af000 nmethod 4450 0x000000001a5f0790 code [0x000000001a5f0980, 0x000000001a5f0f28]
Event: 8.055 Thread 0x00000000074af000 4441       3       org.eclipse.aether.util.graph.transformer.ConflictMarker::toKey (9 bytes)

GC Heap History (10 events):
Event: 0.814 GC heap before
{Heap before GC invocations=0 (full 0):
 garbage-first heap   total 129024K, used 14336K [0x0000000083200000, 0x00000000833003f0, 0x0000000100000000)
  region size 1024K, 14 young (14336K), 0 survivors (0K)
 Metaspace       used 9138K, capacity 9374K, committed 9728K, reserved 1058816K
  class space    used 836K, capacity 921K, committed 1024K, reserved 1048576K
}
Event: 0.822 GC heap after
{Heap after GC invocations=1 (full 0):
 garbage-first heap   total 129024K, used 3818K [0x0000000083200000, 0x00000000833003f0, 0x0000000100000000)
  region size 1024K, 2 young (2048K), 2 survivors (2048K)
 Metaspace       used 9138K, capacity 9374K, committed 9728K, reserved 1058816K
  class space    used 836K, capacity 921K, committed 1024K, reserved 1048576K
}
Event: 1.076 GC heap before
{Heap before GC invocations=1 (full 0):
 garbage-first heap   total 129024K, used 12010K [0x0000000083200000, 0x00000000833003f0, 0x0000000100000000)
  region size 1024K, 10 young (10240K), 2 survivors (2048K)
 Metaspace       used 11025K, capacity 11400K, committed 11520K, reserved 1058816K
  class space    used 1091K, capacity 1166K, committed 1280K, reserved 1048576K
}
Event: 1.084 GC heap after
{Heap after GC invocations=2 (full 0):
 garbage-first heap   total 129024K, used 5223K [0x0000000083200000, 0x00000000833003f0, 0x0000000100000000)
  region size 1024K, 2 young (2048K), 2 survivors (2048K)
 Metaspace       used 11025K, capacity 11400K, committed 11520K, reserved 1058816K
  class space    used 1091K, capacity 1166K, committed 1280K, reserved 1048576K
}
Event: 1.768 GC heap before
{Heap before GC invocations=2 (full 0):
 garbage-first heap   total 129024K, used 29799K [0x0000000083200000, 0x00000000833003f0, 0x0000000100000000)
  region size 1024K, 26 young (26624K), 2 survivors (2048K)
 Metaspace       used 13453K, capacity 13800K, committed 14080K, reserved 1062912K
  class space    used 1405K, capacity 1470K, committed 1536K, reserved 1048576K
}
Event: 1.777 GC heap after
{Heap after GC invocations=3 (full 0):
 garbage-first heap   total 129024K, used 6999K [0x0000000083200000, 0x00000000833003f0, 0x0000000100000000)
  region size 1024K, 4 young (4096K), 4 survivors (4096K)
 Metaspace       used 13453K, capacity 13800K, committed 14080K, reserved 1062912K
  class space    used 1405K, capacity 1470K, committed 1536K, reserved 1048576K
}
Event: 4.107 GC heap before
{Heap before GC invocations=3 (full 0):
 garbage-first heap   total 129024K, used 75607K [0x0000000083200000, 0x00000000833003f0, 0x0000000100000000)
  region size 1024K, 72 young (73728K), 4 survivors (4096K)
 Metaspace       used 20624K, capacity 21108K, committed 21296K, reserved 1069056K
  class space    used 2234K, capacity 2374K, committed 2432K, reserved 1048576K
}
Event: 4.134 GC heap after
{Heap after GC invocations=4 (full 0):
 garbage-first heap   total 129024K, used 14040K [0x0000000083200000, 0x00000000833003f0, 0x0000000100000000)
  region size 1024K, 10 young (10240K), 10 survivors (10240K)
 Metaspace       used 20624K, capacity 21108K, committed 21296K, reserved 1069056K
  class space    used 2234K, capacity 2374K, committed 2432K, reserved 1048576K
}
Event: 6.482 GC heap before
{Heap before GC invocations=5 (full 0):
 garbage-first heap   total 129024K, used 75480K [0x0000000083200000, 0x00000000833003f0, 0x0000000100000000)
  region size 1024K, 70 young (71680K), 10 survivors (10240K)
 Metaspace       used 28775K, capacity 29622K, committed 29824K, reserved 1075200K
  class space    used 3174K, capacity 3375K, committed 3456K, reserved 1048576K
}
Event: 6.509 GC heap after
{Heap after GC invocations=6 (full 0):
 garbage-first heap   total 155648K, used 16481K [0x0000000083200000, 0x00000000833004c0, 0x0000000100000000)
  region size 1024K, 8 young (8192K), 8 survivors (8192K)
 Metaspace       used 28775K, capacity 29622K, committed 29824K, reserved 1075200K
  class space    used 3174K, capacity 3375K, committed 3456K, reserved 1048576K
}

Deoptimization events (10 events):
Event: 5.004 Thread 0x0000000000388000 Uncommon trap: reason=unstable_if action=reinterpret pc=0x000000002113f11c method=java.util.zip.ZipFile$Source.isMetaName([BII)Z @ 43 c2
Event: 5.943 Thread 0x0000000000388000 Uncommon trap: reason=unstable_if action=reinterpret pc=0x00000000212714b0 method=java.util.regex.Pattern$BmpCharPropertyGreedy.match(Ljava/util/regex/Matcher;ILjava/lang/CharSequence;)Z @ 73 c2
Event: 6.287 Thread 0x0000000000388000 Uncommon trap: reason=unstable_if action=reinterpret pc=0x00000000212bfbbc method=java.util.Arrays.hashCode([B)I @ 1 c2
Event: 6.291 Thread 0x0000000000388000 Uncommon trap: reason=unstable_if action=reinterpret pc=0x00000000212c0228 method=jdk.nio.zipfs.ZipFileSystem.getParentOff([B)I @ 21 c2
Event: 6.307 Thread 0x0000000000388000 Uncommon trap: reason=unstable_if action=reinterpret pc=0x00000000212c7c04 method=java.time.LocalDate.compareTo0(Ljava/time/LocalDate;)I @ 25 c2
Event: 6.335 Thread 0x0000000000388000 Uncommon trap: reason=unstable_if action=reinterpret pc=0x00000000212bd89c method=java.lang.Integer.compare(II)I @ 11 c2
Event: 6.843 Thread 0x0000000000388000 Uncommon trap: reason=bimorphic_or_optimized_type_check action=maybe_recompile pc=0x00000000211c71dc method=java.util.HashMap.putVal(ILjava/lang/Object;Ljava/lang/Object;ZZ)Ljava/lang/Object; @ 253 c2
Event: 6.849 Thread 0x0000000000388000 Uncommon trap: reason=bimorphic_or_optimized_type_check action=maybe_recompile pc=0x00000000211c71dc method=java.util.HashMap.putVal(ILjava/lang/Object;Ljava/lang/Object;ZZ)Ljava/lang/Object; @ 253 c2
Event: 7.985 Thread 0x0000000000388000 Uncommon trap: reason=speculate_class_check action=maybe_recompile pc=0x0000000021285860 method=java.nio.charset.CharsetDecoder.decode(Ljava/nio/ByteBuffer;Ljava/nio/CharBuffer;Z)Ljava/nio/charset/CoderResult; @ 57 c2
Event: 7.986 Thread 0x0000000000388000 Uncommon trap: reason=speculate_class_check action=maybe_recompile pc=0x0000000021285860 method=java.nio.charset.CharsetDecoder.decode(Ljava/nio/ByteBuffer;Ljava/nio/CharBuffer;Z)Ljava/nio/charset/CoderResult; @ 57 c2

Classes redefined (0 events):
No events

Internal exceptions (10 events):
Event: 6.958 Thread 0x0000000000388000 Exception <a 'sun/nio/fs/WindowsException'{0x000000008b83e830}> (0x000000008b83e830) thrown at [t:/workspace/hotspot/src/share/vm/prims/jni.cpp, line 604]
Event: 6.961 Thread 0x0000000000388000 Exception <a 'sun/nio/fs/WindowsException'{0x000000008b861c90}> (0x000000008b861c90) thrown at [t:/workspace/hotspot/src/share/vm/prims/jni.cpp, line 604]
Event: 6.961 Thread 0x0000000000388000 Exception <a 'sun/nio/fs/WindowsException'{0x000000008b862050}> (0x000000008b862050) thrown at [t:/workspace/hotspot/src/share/vm/prims/jni.cpp, line 604]
Event: 6.961 Thread 0x0000000000388000 Exception <a 'sun/nio/fs/WindowsException'{0x000000008b863480}> (0x000000008b863480) thrown at [t:/workspace/hotspot/src/share/vm/prims/jni.cpp, line 604]
Event: 6.962 Thread 0x0000000000388000 Exception <a 'sun/nio/fs/WindowsException'{0x000000008b8637f8}> (0x000000008b8637f8) thrown at [t:/workspace/hotspot/src/share/vm/prims/jni.cpp, line 604]
Event: 6.962 Thread 0x0000000000388000 Exception <a 'sun/nio/fs/WindowsException'{0x000000008b864e40}> (0x000000008b864e40) thrown at [t:/workspace/hotspot/src/share/vm/prims/jni.cpp, line 604]
Event: 6.962 Thread 0x0000000000388000 Exception <a 'sun/nio/fs/WindowsException'{0x000000008b865200}> (0x000000008b865200) thrown at [t:/workspace/hotspot/src/share/vm/prims/jni.cpp, line 604]
Event: 6.962 Thread 0x0000000000388000 Exception <a 'sun/nio/fs/WindowsException'{0x000000008b866700}> (0x000000008b866700) thrown at [t:/workspace/hotspot/src/share/vm/prims/jni.cpp, line 604]
Event: 6.962 Thread 0x0000000000388000 Exception <a 'sun/nio/fs/WindowsException'{0x000000008b866b48}> (0x000000008b866b48) thrown at [t:/workspace/hotspot/src/share/vm/prims/jni.cpp, line 604]
Event: 7.018 Thread 0x0000000000388000 Exception <a 'sun/nio/fs/WindowsException'{0x000000008b7274b8}> (0x000000008b7274b8) thrown at [t:/workspace/hotspot/src/share/vm/prims/jni.cpp, line 604]

Events (10 events):
Event: 8.054 loading class org/apache/maven/plugin/AbstractMojo
Event: 8.054 loading class org/apache/maven/plugin/AbstractMojo done
Event: 8.054 loading class org/apache/maven/plugin/Mojo
Event: 8.054 loading class org/apache/maven/plugin/Mojo done
Event: 8.054 loading class org/apache/maven/plugin/Mojo
Event: 8.054 loading class org/apache/maven/plugin/Mojo done
Event: 8.055 loading class org/apache/maven/plugin/surefire/SurefirePlugin
Event: 8.055 loading class org/apache/maven/plugin/surefire/SurefirePlugin done
Event: 8.055 loading class org/apache/maven/plugin/surefire/SurefirePlugin
Event: 8.055 loading class org/apache/maven/plugin/surefire/SurefirePlugin done


Dynamic libraries:
0x000000013ffa0000 - 0x000000013ffde000 	C:\Program Files\Java\jdk-9.0.1\bin\java.exe
0x0000000077930000 - 0x0000000077acf000 	C:\Windows\SYSTEM32\ntdll.dll
0x0000000077810000 - 0x000000007792f000 	C:\Windows\system32\kernel32.dll
0x000007fefd630000 - 0x000007fefd69a000 	C:\Windows\system32\KERNELBASE.dll
0x000007feff7a0000 - 0x000007feff87b000 	C:\Windows\system32\ADVAPI32.dll
0x000007fefd9c0000 - 0x000007fefda5f000 	C:\Windows\system32\msvcrt.dll
0x000007fefe110000 - 0x000007fefe12f000 	C:\Windows\SYSTEM32\sechost.dll
0x000007fefe1e0000 - 0x000007fefe30d000 	C:\Windows\system32\RPCRT4.dll
0x0000000077710000 - 0x000000007780a000 	C:\Windows\system32\USER32.dll
0x000007fefe170000 - 0x000007fefe1d7000 	C:\Windows\system32\GDI32.dll
0x000007feff790000 - 0x000007feff79e000 	C:\Windows\system32\LPK.dll
0x000007fefe380000 - 0x000007fefe44b000 	C:\Windows\system32\USP10.dll
0x000007fefbba0000 - 0x000007fefbd94000 	C:\Windows\WinSxS\amd64_microsoft.windows.common-controls_6595b64144ccf1df_6.0.7601.18837_none_fa3b1e3d17594757\COMCTL32.dll
0x000007fefe450000 - 0x000007fefe4c1000 	C:\Windows\system32\SHLWAPI.dll
0x000007fefd530000 - 0x000007fefd53c000 	C:\Windows\system32\VERSION.dll
0x000007fefe130000 - 0x000007fefe15e000 	C:\Windows\system32\IMM32.DLL
0x000007feff880000 - 0x000007feff989000 	C:\Windows\system32\MSCTF.dll
0x000007fefd540000 - 0x000007fefd56f000 	C:\Windows\system32\nvinitx.dll
0x000000000f000000 - 0x000000000f006000 	C:\Program Files\NVIDIA Corporation\CoProcManager\detoured.dll
0x000007fefa900000 - 0x000007fefa933000 	C:\Program Files\NVIDIA Corporation\CoProcManager\nvd3d9wrapx.dll
0x000007fefdf30000 - 0x000007fefe107000 	C:\Windows\system32\SETUPAPI.dll
0x000007fefd940000 - 0x000007fefd976000 	C:\Windows\system32\CFGMGR32.dll
0x000007fefda60000 - 0x000007fefdb3a000 	C:\Windows\system32\OLEAUT32.dll
0x000007feff260000 - 0x000007feff45d000 	C:\Windows\system32\ole32.dll
0x000007fefd6a0000 - 0x000007fefd6ba000 	C:\Windows\system32\DEVOBJ.dll
0x000007fefa8d0000 - 0x000007fefa8f3000 	C:\Program Files\NVIDIA Corporation\CoProcManager\nvdxgiwrapx.dll
0x000007feea3e0000 - 0x000007feea4cf000 	C:\Program Files\Java\jdk-9.0.1\bin\msvcr120.dll
0x000007fef57a0000 - 0x000007fef5846000 	C:\Program Files\Java\jdk-9.0.1\bin\msvcp120.dll
0x0000000007630000 - 0x0000000008054000 	C:\Program Files\Java\jdk-9.0.1\bin\server\jvm.dll
0x000007fef8450000 - 0x000007fef8459000 	C:\Windows\system32\WSOCK32.dll
0x000007fefe310000 - 0x000007fefe35d000 	C:\Windows\system32\WS2_32.dll
0x000007fefe160000 - 0x000007fefe168000 	C:\Windows\system32\NSI.dll
0x000007fefa940000 - 0x000007fefa97b000 	C:\Windows\system32\WINMM.dll
0x0000000077ae0000 - 0x0000000077ae7000 	C:\Windows\system32\PSAPI.DLL
0x000007fef7ed0000 - 0x000007fef7edf000 	C:\Program Files\Java\jdk-9.0.1\bin\verify.dll
0x000007fef6bf0000 - 0x000007fef6c17000 	C:\Program Files\Java\jdk-9.0.1\bin\java.dll
0x000007fef6c80000 - 0x000007fef6caa000 	C:\Program Files\Java\jdk-9.0.1\bin\instrument.dll
0x000007fef5780000 - 0x000007fef5796000 	C:\Program Files\Java\jdk-9.0.1\bin\zip.dll
0x000007fefc200000 - 0x000007fefc20a000 	C:\Program Files\Java\jdk-9.0.1\bin\jimage.dll
0x000007fefe4d0000 - 0x000007feff25b000 	C:\Windows\system32\SHELL32.dll
0x000007fefd600000 - 0x000007fefd60f000 	C:\Windows\system32\profapi.dll
0x000007fef46d0000 - 0x000007fef46ea000 	C:\Program Files\Java\jdk-9.0.1\bin\net.dll
0x000007feefca0000 - 0x000007feefd11000 	C:\Windows\system32\WINHTTP.dll
0x000007feefc30000 - 0x000007feefc95000 	C:\Windows\system32\webio.dll
0x000007fefcd90000 - 0x000007fefcde5000 	C:\Windows\system32\mswsock.dll
0x000007fefcd80000 - 0x000007fefcd87000 	C:\Windows\System32\wship6.dll
0x000007fef1220000 - 0x000007fef1231000 	C:\Program Files\Java\jdk-9.0.1\bin\nio.dll
0x000007fefbb80000 - 0x000007fefbb9a000 	C:\Program Files\JetBrains\IntelliJ IDEA 2018.1.4\bin\breakgen64.dll
0x000007fef14f0000 - 0x000007fef1615000 	C:\Windows\system32\dbghelp.dll

VM Arguments:
jvm_args: -Dmaven.multiModuleProjectDirectory=C:\Users\Paulucha\Desktop\programowanie\PROJECTS\JAVA\HomeWork_14.07\homeWork -Dmaven.home=C:\Program Files\JetBrains\IntelliJ IDEA 2018.1.4\plugins\maven\lib\maven3 -Dclassworlds.conf=C:\Program Files\JetBrains\IntelliJ IDEA 2018.1.4\plugins\maven\lib\maven3\bin\m2.conf -javaagent:C:\Program Files\JetBrains\IntelliJ IDEA 2018.1.4\lib\idea_rt.jar=14339:C:\Program Files\JetBrains\IntelliJ IDEA 2018.1.4\bin -Dfile.encoding=UTF-8 
java_command: org.codehaus.classworlds.Launcher -Didea.version=2018.1.4 package -f pom.xml
java_class_path (initial): C:\Program Files\JetBrains\IntelliJ IDEA 2018.1.4\plugins\maven\lib\maven3\boot\plexus-classworlds-2.5.2.jar
Launcher Type: SUN_STANDARD

Logging:
Log output configuration:
#0: stdout all=warning uptime,level,tags
#1: stderr all=off uptime,level,tags

Environment Variables:
JAVA_HOME=C:\Program Files\Java\jdk-9.0.1\
PATH=C:\Program Files\Common Files\Microsoft Shared\Windows Live;C:\Program Files (x86)\Common Files\Microsoft Shared\Windows Live;C:\Windows\system32;C:\Windows;C:\Windows\System32\Wbem;C:\Windows\System32\WindowsPowerShell\v1.0\;C:\Program Files\Broadcom\Broadcom 802.11 Network Adapter\Driver;C:\Program Files (x86)\Windows Live\Shared;C:\Program Files\WIDCOMM\Bluetooth Software\;C:\Program Files\WIDCOMM\Bluetooth Software\syswow64;C:\Program Files\dotnet\;C:\Program Files\Microsoft SQL Server\130\Tools\Binn\;C:\Program Files (x86)\QuickTime\QTSystem\;C:\Program Files\Java\jdk-9.0.1\bin;C:\Program Files\Java\jre-9.0.1\bin;C:\Program Files\Git\cmd;C:\Program Files\Git\mingw64\bin;C:\Program Files\Git\usr\bin;C:\Windows\System32\WindowsPowerShell\v1.0\;C:\Windows\System32\WindowsPowerShell\v1.0\;C:\HashiCorp\Vagrant\bin;C:\Program Files (x86)\Brackets\command;C:\Program Files\apache-maven-3.5.3\bin;C:\ProgramData\chocolatey\bin;C:\Users\Paulucha\AppData\Local\atom\bin;C:\Users\Paulucha\AppData\Local\GitHubDesktop\bin;M2_HOME/bin
USERNAME=Paulucha
OS=Windows_NT
PROCESSOR_IDENTIFIER=Intel64 Family 6 Model 37 Stepping 5, GenuineIntel



---------------  S Y S T E M  ---------------

OS: Windows 7 , 64 bit Build 7601 (6.1.7601.24168)

CPU:total 4 (initial active 4) (2 cores per cpu, 2 threads per core) family 6 model 37 stepping 5, cmov, cx8, fxsr, mmx, sse, sse2, sse3, ssse3, sse4.1, sse4.2, popcnt, ht, tsc, tscinvbit

Memory: 4k page, physical 8180192k(97164k free), swap 16358508k(6921092k free)

vm_info: Java HotSpot(TM) 64-Bit Server VM (9.0.1+11) for windows-amd64 JRE (9.0.1+11), built on Sep 28 2017 04:54:03 by "mach5one" with MS VC++ 12.0 (VS2013)

END.
